0 info it worked if it ends with ok
1 verbose cli [ '/usr/bin/node', '/usr/bin/npm', 'publish' ]
2 info using npm@3.5.2
3 info using node@v8.10.0
4 verbose publish [ '.' ]
5 silly cache add args [ '.', null ]
6 verbose cache add spec .
7 silly cache add parsed spec Result {
7 silly cache add   raw: '.',
7 silly cache add   scope: null,
7 silly cache add   name: null,
7 silly cache add   rawSpec: '.',
7 silly cache add   spec: '/home/saood/classProject/Node/npm',
7 silly cache add   type: 'directory' }
8 verbose addLocalDirectory /home/saood/.npm/mypackage11/1.0.0/package.tgz not in flight; packing
9 info lifecycle mypackage11@1.0.0~prepublish: mypackage11@1.0.0
10 silly lifecycle mypackage11@1.0.0~prepublish: no script for prepublish, continuing
11 verbose tar pack [ '/home/saood/.npm/mypackage11/1.0.0/package.tgz',
11 verbose tar pack   '/home/saood/classProject/Node/npm' ]
12 verbose tarball /home/saood/.npm/mypackage11/1.0.0/package.tgz
13 verbose folder /home/saood/classProject/Node/npm
14 verbose addLocalTarball adding from inside cache /home/saood/.npm/mypackage11/1.0.0/package.tgz
15 silly cache afterAdd mypackage11@1.0.0
16 verbose afterAdd /home/saood/.npm/mypackage11/1.0.0/package/package.json not in flight; writing
17 verbose afterAdd /home/saood/.npm/mypackage11/1.0.0/package/package.json written
18 silly publish { name: 'mypackage11',
18 silly publish   version: '1.0.0',
18 silly publish   description: '',
18 silly publish   main: 'exec.js',
18 silly publish   scripts: { test: 'echo "Error: no test specified" && exit 1' },
18 silly publish   author: { name: 'MoSaAk' },
18 silly publish   license: 'ISC',
18 silly publish   bin: { sayhi: './exec.js' },
18 silly publish   readme: 'ERROR: No README data found!',
18 silly publish   _id: 'mypackage11@1.0.0',
18 silly publish   _shasum: '10835922952ccf76718e3fc472defa1ac974067b',
18 silly publish   _from: '.' }
19 verbose getPublishConfig undefined
20 silly mapToRegistry name mypackage11
21 silly mapToRegistry using default registry
22 silly mapToRegistry registry https://registry.npmjs.org/
23 silly mapToRegistry uri https://registry.npmjs.org/mypackage11
24 verbose publish registryBase https://registry.npmjs.org/
25 silly publish uploading /home/saood/.npm/mypackage11/1.0.0/package.tgz
26 verbose request uri https://registry.npmjs.org/mypackage11
27 verbose request sending authorization for write operation
28 info attempt registry request try #1 at 1:57:32 PM
29 verbose request using bearer token for auth
30 verbose request id 0653836703169de5
31 http request PUT https://registry.npmjs.org/mypackage11
32 http 403 https://registry.npmjs.org/mypackage11
33 verbose headers { date: 'Mon, 19 Aug 2019 11:57:33 GMT',
33 verbose headers   'content-type': 'application/json',
33 verbose headers   'transfer-encoding': 'chunked',
33 verbose headers   connection: 'keep-alive',
33 verbose headers   'set-cookie':
33 verbose headers    [ '__cfduid=d530db35283e9a02d19a7fad2d65cb7311566215852; expires=Tue, 18-Aug-20 11:57:32 GMT; path=/; domain=.npmjs.org; HttpOnly' ],
33 verbose headers   'cf-ray': '508bf3575f8a2b98-AMS',
33 verbose headers   'expect-ct': 'max-age=604800, report-uri="https://report-uri.cloudflare.com/cdn-cgi/beacon/expect-ct"',
33 verbose headers   vary: 'Accept-Encoding',
33 verbose headers   server: 'cloudflare',
33 verbose headers   'content-encoding': 'gzip' }
34 verbose request invalidating /home/saood/.npm/registry.npmjs.org/mypackage11 on PUT
35 error publish Failed PUT 403
36 verbose stack Error: You cannot publish over the previously published versions: 1.0.0. : mypackage11
36 verbose stack     at makeError (/usr/share/npm/node_modules/npm-registry-client/lib/request.js:264:12)
36 verbose stack     at CachingRegistryClient.<anonymous> (/usr/share/npm/node_modules/npm-registry-client/lib/request.js:252:14)
36 verbose stack     at /usr/share/npm/node_modules/npm-registry-client/lib/request.js:178:7
36 verbose stack     at Gunzip.onEnd (zlib.js:131:5)
36 verbose stack     at emitNone (events.js:111:20)
36 verbose stack     at Gunzip.emit (events.js:208:7)
36 verbose stack     at endReadableNT (_stream_readable.js:1064:12)
36 verbose stack     at _combinedTickCallback (internal/process/next_tick.js:138:11)
36 verbose stack     at process._tickCallback (internal/process/next_tick.js:180:9)
37 verbose statusCode 403
38 verbose pkgid mypackage11
39 verbose cwd /home/saood/classProject/Node/npm
40 error Linux 4.18.0-21-generic
41 error argv "/usr/bin/node" "/usr/bin/npm" "publish"
42 error node v8.10.0
43 error npm  v3.5.2
44 error code E403
45 error You cannot publish over the previously published versions: 1.0.0. : mypackage11
46 error If you need help, you may report this error at:
46 error     <https://github.com/npm/npm/issues>
47 verbose exit [ 1, true ]
